<?xml version="1.0" encoding="UTF-8" standalone="no"?><testsuite errors="0" failures="2" name="Autenticacion de usuarios" skipped="0" tests="2" time="21.96" timestamp="2026-05-06 05:03:30"><testcase name="Inicio de sesion exitoso con credenciales validas"><failure message="Expected condition failed: waiting for By.xpath: button[type='submit'] to be present (tried for 5 second(s) with 100 milliseconds interval)&#10;Build info: version: '4.21.0', revision: '79ed462ef4'&#10;System info: os.name: 'Windows 11', os.arch: 'amd64', os.version: '10.0', java.version: '17.0.19'&#10;Driver info: driver.version: unknown" type="net.thucydides.core.webdriver.exceptions.ElementShouldBePresentException">Expected condition failed: waiting for By.xpath: button[type='submit'] to be present (tried for 5 second(s) with 100 milliseconds interval)
Build info: version: '4.21.0', revision: '79ed462ef4'
System info: os.name: 'Windows 11', os.arch: 'amd64', os.version: '10.0', java.version: '17.0.19'
Driver info: driver.version: unknown</failure><system-err>Expected condition failed: waiting for By.xpath: button[type='submit'] to be present (tried for 5 second(s) with 100 milliseconds interval)
Build info: version: '4.21.0', revision: '79ed462ef4'
System info: os.name: 'Windows 11', os.arch: 'amd64', os.version: '10.0', java.version: '17.0.19'
Driver info: driver.version: unknown&#13;
com.proyecto.tasks.IniciarSesion.performAs(IniciarSesion.java:15)&#13;
com.proyecto.stepdefinitions.LoginStepDefinitions.juanIngresaCredenciales(LoginStepDefinitions.java:52)&#13;
✽.Juan ingresa el usuario "tomsmith" y la contrasena "SuperSecretPassword!"(classpath:features/login.feature:8)&#13;
</system-err></testcase><testcase name="Inicio de sesion fallido con credenciales invalidas"><failure message="Expected condition failed: waiting for By.xpath: button[type='submit'] to be present (tried for 5 second(s) with 100 milliseconds interval)&#10;Build info: version: '4.21.0', revision: '79ed462ef4'&#10;System info: os.name: 'Windows 11', os.arch: 'amd64', os.version: '10.0', java.version: '17.0.19'&#10;Driver info: driver.version: unknown" type="net.thucydides.core.webdriver.exceptions.ElementShouldBePresentException">Expected condition failed: waiting for By.xpath: button[type='submit'] to be present (tried for 5 second(s) with 100 milliseconds interval)
Build info: version: '4.21.0', revision: '79ed462ef4'
System info: os.name: 'Windows 11', os.arch: 'amd64', os.version: '10.0', java.version: '17.0.19'
Driver info: driver.version: unknown</failure><system-err>Expected condition failed: waiting for By.xpath: button[type='submit'] to be present (tried for 5 second(s) with 100 milliseconds interval)
Build info: version: '4.21.0', revision: '79ed462ef4'
System info: os.name: 'Windows 11', os.arch: 'amd64', os.version: '10.0', java.version: '17.0.19'
Driver info: driver.version: unknown&#13;
com.proyecto.tasks.IniciarSesion.performAs(IniciarSesion.java:15)&#13;
com.proyecto.stepdefinitions.LoginStepDefinitions.juanIngresaCredenciales(LoginStepDefinitions.java:52)&#13;
✽.Juan ingresa el usuario "usuarioMalo" y la contrasena "passwordMalo"(classpath:features/login.feature:13)&#13;
</system-err></testcase></testsuite>